c:\users\kelvinchan\documents\visual studio 2015\projects\usbmon\usbmon\x64\debug\vc140.pdb
c:\users\kelvinchan\documents\visual studio 2015\projects\usbmon\usbmon\x64\debug\driver.obj
c:\users\kelvinchan\documents\visual studio 2015\projects\usbmon\x64\debug\usbmon\stacktrace.cat
c:\users\kelvinchan\documents\visual studio 2015\projects\usbmon\x64\debug\usbmon.sys
c:\users\kelvinchan\documents\visual studio 2015\projects\usbmon\x64\debug\usbmon.pdb
c:\users\kelvinchan\documents\visual studio 2015\projects\usbmon\usbmon\x64\debug\usbmon.inf
c:\users\kelvinchan\documents\visual studio 2015\projects\usbmon\x64\debug\usbmon.cer
c:\users\kelvinchan\documents\visual studio 2015\projects\usbmon\x64\debug\usbmon.inf
c:\users\kelvinchan\documents\visual studio 2015\projects\usbmon\usbmon\x64\debug\usbmon.tlog\cl.command.1.tlog
c:\users\kelvinchan\documents\visual studio 2015\projects\usbmon\usbmon\x64\debug\usbmon.tlog\cl.read.1.tlog
c:\users\kelvinchan\documents\visual studio 2015\projects\usbmon\usbmon\x64\debug\usbmon.tlog\cl.write.1.tlog
c:\users\kelvinchan\documents\visual studio 2015\projects\usbmon\usbmon\x64\debug\usbmon.tlog\inf2cat-expand.14528.read.1.tlog
c:\users\kelvinchan\documents\visual studio 2015\projects\usbmon\usbmon\x64\debug\usbmon.tlog\inf2cat-expand.14528.write.1.tlog
c:\users\kelvinchan\documents\visual studio 2015\projects\usbmon\usbmon\x64\debug\usbmon.tlog\inf2cat-expand.read.1.tlog
c:\users\kelvinchan\documents\visual studio 2015\projects\usbmon\usbmon\x64\debug\usbmon.tlog\inf2cat-expand.write.1.tlog
c:\users\kelvinchan\documents\visual studio 2015\projects\usbmon\usbmon\x64\debug\usbmon.tlog\inf2cat.command.1.tlog
c:\users\kelvinchan\documents\visual studio 2015\projects\usbmon\usbmon\x64\debug\usbmon.tlog\inf2cat.read.1.tlog
c:\users\kelvinchan\documents\visual studio 2015\projects\usbmon\usbmon\x64\debug\usbmon.tlog\inf2cat.write.1.tlog
c:\users\kelvinchan\documents\visual studio 2015\projects\usbmon\usbmon\x64\debug\usbmon.tlog\link.command.1.tlog
c:\users\kelvinchan\documents\visual studio 2015\projects\usbmon\usbmon\x64\debug\usbmon.tlog\link.read.1.tlog
c:\users\kelvinchan\documents\visual studio 2015\projects\usbmon\usbmon\x64\debug\usbmon.tlog\link.write.1.tlog
c:\users\kelvinchan\documents\visual studio 2015\projects\usbmon\usbmon\x64\debug\usbmon.tlog\signtool.command.1.tlog
c:\users\kelvinchan\documents\visual studio 2015\projects\usbmon\usbmon\x64\debug\usbmon.tlog\signtool.read.1.tlog
c:\users\kelvinchan\documents\visual studio 2015\projects\usbmon\usbmon\x64\debug\usbmon.tlog\signtool.timestamp.1.tlog
c:\users\kelvinchan\documents\visual studio 2015\projects\usbmon\usbmon\x64\debug\usbmon.tlog\signtool.write.1.tlog
c:\users\kelvinchan\documents\visual studio 2015\projects\usbmon\usbmon\x64\debug\usbmon.tlog\stampinf.command.1.tlog
c:\users\kelvinchan\documents\visual studio 2015\projects\usbmon\usbmon\x64\debug\usbmon.tlog\stampinf.read.1.tlog
c:\users\kelvinchan\documents\visual studio 2015\projects\usbmon\usbmon\x64\debug\usbmon.tlog\stampinf.write.1.tlog
