c:\users\kelvinchan\documents\visual studio 2015\projects\usb\stacktrace\stacktrace\x64\debug\vc140.pdb
c:\users\kelvinchan\documents\visual studio 2015\projects\usb\stacktrace\stacktrace\x64\debug\driver.obj
c:\users\kelvinchan\documents\visual studio 2015\projects\usb\stacktrace\x64\debug\stacktrace\stacktrace.cat
c:\users\kelvinchan\documents\visual studio 2015\projects\usb\stacktrace\x64\debug\stacktrace.sys
c:\users\kelvinchan\documents\visual studio 2015\projects\usb\stacktrace\x64\debug\stacktrace.pdb
c:\users\kelvinchan\documents\visual studio 2015\projects\usb\stacktrace\stacktrace\x64\debug\x64.obj
c:\users\kelvinchan\documents\visual studio 2015\projects\usb\stacktrace\stacktrace\x64\debug\stacktrace.inf
c:\users\kelvinchan\documents\visual studio 2015\projects\usb\stacktrace\x64\debug\stacktrace.cer
c:\users\kelvinchan\documents\visual studio 2015\projects\usb\stacktrace\x64\debug\stacktrace.inf
c:\users\kelvinchan\documents\visual studio 2015\projects\usb\stacktrace\stacktrace\x64\debug\stacktrace.tlog\cl.command.1.tlog
c:\users\kelvinchan\documents\visual studio 2015\projects\usb\stacktrace\stacktrace\x64\debug\stacktrace.tlog\cl.read.1.tlog
c:\users\kelvinchan\documents\visual studio 2015\projects\usb\stacktrace\stacktrace\x64\debug\stacktrace.tlog\cl.write.1.tlog
c:\users\kelvinchan\documents\visual studio 2015\projects\usb\stacktrace\stacktrace\x64\debug\stacktrace.tlog\inf2cat-expand.11928.read.1.tlog
c:\users\kelvinchan\documents\visual studio 2015\projects\usb\stacktrace\stacktrace\x64\debug\stacktrace.tlog\inf2cat-expand.11928.write.1.tlog
c:\users\kelvinchan\documents\visual studio 2015\projects\usb\stacktrace\stacktrace\x64\debug\stacktrace.tlog\inf2cat-expand.read.1.tlog
c:\users\kelvinchan\documents\visual studio 2015\projects\usb\stacktrace\stacktrace\x64\debug\stacktrace.tlog\inf2cat-expand.write.1.tlog
c:\users\kelvinchan\documents\visual studio 2015\projects\usb\stacktrace\stacktrace\x64\debug\stacktrace.tlog\inf2cat.command.1.tlog
c:\users\kelvinchan\documents\visual studio 2015\projects\usb\stacktrace\stacktrace\x64\debug\stacktrace.tlog\inf2cat.read.1.tlog
c:\users\kelvinchan\documents\visual studio 2015\projects\usb\stacktrace\stacktrace\x64\debug\stacktrace.tlog\inf2cat.write.1.tlog
c:\users\kelvinchan\documents\visual studio 2015\projects\usb\stacktrace\stacktrace\x64\debug\stacktrace.tlog\link.command.1.tlog
c:\users\kelvinchan\documents\visual studio 2015\projects\usb\stacktrace\stacktrace\x64\debug\stacktrace.tlog\link.read.1.tlog
c:\users\kelvinchan\documents\visual studio 2015\projects\usb\stacktrace\stacktrace\x64\debug\stacktrace.tlog\link.write.1.tlog
c:\users\kelvinchan\documents\visual studio 2015\projects\usb\stacktrace\stacktrace\x64\debug\stacktrace.tlog\signtool.command.1.tlog
c:\users\kelvinchan\documents\visual studio 2015\projects\usb\stacktrace\stacktrace\x64\debug\stacktrace.tlog\signtool.read.1.tlog
c:\users\kelvinchan\documents\visual studio 2015\projects\usb\stacktrace\stacktrace\x64\debug\stacktrace.tlog\signtool.timestamp.1.tlog
c:\users\kelvinchan\documents\visual studio 2015\projects\usb\stacktrace\stacktrace\x64\debug\stacktrace.tlog\signtool.write.1.tlog
c:\users\kelvinchan\documents\visual studio 2015\projects\usb\stacktrace\stacktrace\x64\debug\stacktrace.tlog\stacktrace.write.1u.tlog
c:\users\kelvinchan\documents\visual studio 2015\projects\usb\stacktrace\stacktrace\x64\debug\stacktrace.tlog\stampinf.command.1.tlog
c:\users\kelvinchan\documents\visual studio 2015\projects\usb\stacktrace\stacktrace\x64\debug\stacktrace.tlog\stampinf.read.1.tlog
c:\users\kelvinchan\documents\visual studio 2015\projects\usb\stacktrace\stacktrace\x64\debug\stacktrace.tlog\stampinf.write.1.tlog
